[19/12/2025  3:30:18,97] ========================================================================= 
[19/12/2025  3:30:18,98] Memulai Proses ETL Harian Pukul 06:00 
[19/12/2025  3:30:19,04] ========================================================================= 
[19/12/2025  3:30:19,07] [STAGE 1/3] Memulai Ekstraksi Data BPS... 
Memulai ekstraksi data BPS dari 2017 hingga 2024...

--- Mengambil data: KASUS_PENYAKIT ---
  > Mengambil data 2017...
    Berhasil. Disimpan di: Data\01_raw\kasus_penyakit_2017.json
  > Mengambil data 2018...
    Berhasil. Disimpan di: Data\01_raw\kasus_penyakit_2018.json
  > Mengambil data 2019...
    Berhasil. Disimpan di: Data\01_raw\kasus_penyakit_2019.json
  > Mengambil data 2020...
    Berhasil. Disimpan di: Data\01_raw\kasus_penyakit_2020.json
  > Mengambil data 2021...
    Berhasil. Disimpan di: Data\01_raw\kasus_penyakit_2021.json
  > Mengambil data 2022...
    Berhasil. Disimpan di: Data\01_raw\kasus_penyakit_2022.json
  > Mengambil data 2023...
    Berhasil. Disimpan di: Data\01_raw\kasus_penyakit_2023.json
  > Mengambil data 2024...
    Berhasil. Disimpan di: Data\01_raw\kasus_penyakit_2024.json

--- Mengambil data: TENAGA_KESEHATAN ---
  > Mengambil data 2017...
    Berhasil. Disimpan di: Data\01_raw\tenaga_kesehatan_2017.json
  > Mengambil data 2018...
    Berhasil. Disimpan di: Data\01_raw\tenaga_kesehatan_2018.json
  > Mengambil data 2019...
    Berhasil. Disimpan di: Data\01_raw\tenaga_kesehatan_2019.json
  > Mengambil data 2020...
    Berhasil. Disimpan di: Data\01_raw\tenaga_kesehatan_2020.json
  > Mengambil data 2021...
    Berhasil. Disimpan di: Data\01_raw\tenaga_kesehatan_2021.json
  > Mengambil data 2022...
    Berhasil. Disimpan di: Data\01_raw\tenaga_kesehatan_2022.json
  > Mengambil data 2023...
    Berhasil. Disimpan di: Data\01_raw\tenaga_kesehatan_2023.json
  > Mengambil data 2024...
    Berhasil. Disimpan di: Data\01_raw\tenaga_kesehatan_2024.json
[19/12/2025  3:31:35,04] [STAGE 2/3] Memulai Transformasi dan Pembersihan... 

--- Memulai Backup Database ---
Traceback (most recent call last):
  File "D:\Kuliah\Semester 7\BI\UAS_Kecerdasan_Bisnis\src\etl_scripts\transform.py", line 203, in create_timestamped_backup
    print(f"\u2705 Backup DB {original_path.name} berhasil disimpan.")
    ~~~~~^^^^^^^^^^^^^^^^^^^^^^^^^^^^^^^^^^^^^^^^^^^^^^^^^^^^^^^^^
  File "C:\Users\gpnitadmin\AppData\Local\Programs\Python\Python313\Lib\encodings\cp1252.py", line 19, in encode
    return codecs.charmap_encode(input,self.errors,encoding_table)[0]
           ~~~~~~~~~~~~~~~~~~~~~^^^^^^^^^^^^^^^^^^^^^^^^^^^^^^^^^^
UnicodeEncodeError: 'charmap' codec can't encode character '\u2705' in position 0: character maps to <undefined>

During handling of the above exception, another exception occurred:

Traceback (most recent call last):
  File "D:\Kuliah\Semester 7\BI\UAS_Kecerdasan_Bisnis\src\etl_scripts\transform.py", line 229, in <module>
    main()
    ~~~~^^
  File "D:\Kuliah\Semester 7\BI\UAS_Kecerdasan_Bisnis\src\etl_scripts\transform.py", line 218, in main
    create_timestamped_backup()
    ~~~~~~~~~~~~~~~~~~~~~~~~~^^
  File "D:\Kuliah\Semester 7\BI\UAS_Kecerdasan_Bisnis\src\etl_scripts\transform.py", line 205, in create_timestamped_backup
    print(f"\u26a0\ufe0f Peringatan: Gagal backup {original_path.name}: {e}")
    ~~~~~^^^^^^^^^^^^^^^^^^^^^^^^^^^^^^^^^^^^^^^^^^^^^^^^^^^^^^^^^^
  File "C:\Users\gpnitadmin\AppData\Local\Programs\Python\Python313\Lib\encodings\cp1252.py", line 19, in encode
    return codecs.charmap_encode(input,self.errors,encoding_table)[0]
           ~~~~~~~~~~~~~~~~~~~~~^^^^^^^^^^^^^^^^^^^^^^^^^^^^^^^^^^
UnicodeEncodeError: 'charmap' codec can't encode characters in position 0-1: character maps to <undefined>
[19/12/2025  3:33:19,58] [ERROR] Transformasi GAGAL. Menghentikan proses. 
[19/12/2025  3:33:19,60] [STATUS] Proses ETL GAGAL Total. 
[19/12/2025  3:33:19,67] Deaktivasi VENV. 
